0 info it worked if it ends with ok
1 verbose cli [ '/usr/local/bin/node', '/usr/local/bin/npm', 'start' ]
2 info using npm@4.1.2
3 info using node@v7.6.0
4 verbose run-script [ 'prestart', 'start', 'poststart' ]
5 info lifecycle backend@0.0.0~prestart: backend@0.0.0
6 silly lifecycle backend@0.0.0~prestart: no script for prestart, continuing
7 info lifecycle backend@0.0.0~start: backend@0.0.0
8 verbose lifecycle backend@0.0.0~start: unsafe-perm in lifecycle true
9 verbose lifecycle backend@0.0.0~start: PATH: /usr/local/lib/node_modules/npm/bin/node-gyp-bin:/Users/paranoia/Documents/NJU/7 Semester/人机交互/HCI/backend/node_modules/.bin:/Library/Java/JavaVirtualMachines/jdk1.8.0_111.jdk/Contents/Home/bin:/Library/anaconda/bin:/Library/Frameworks/Python.framework/Versions/3.5/bin:/Users/paranoia/.rvm/gems/ruby-2.3.0/bin:/Users/paranoia/.rvm/gems/ruby-2.3.0@global/bin:/Users/paranoia/.rvm/rubies/ruby-2.3.0/bin:/opt/local/bin:/opt/local/sbin:/usr/local/bin:/usr/bin:/bin:/usr/sbin:/sbin:/Users/paranoia/Documents/apache-maven-3.3.9/bin:/usr/local/apache-tomcat-8.5.12/bin:/Library/Frameworks/Python.framework/Versions/3.5/lib/python3.5/site-packages:/usr/local/mysql/bin:/Users/paranoia/.rvm/bin:/Users/paranoia/Downloads/chrome-download/android-sdk-macosx/platform-tools:/Users/paranoia/Downloads/chrome-download/android-sdk-macosx/tools
10 verbose lifecycle backend@0.0.0~start: CWD: /Users/paranoia/Documents/NJU/7 Semester/人机交互/HCI/backend
11 silly lifecycle backend@0.0.0~start: Args: [ '-c', 'node ./bin/www' ]
12 silly lifecycle backend@0.0.0~start: Returned: code: 1  signal: null
13 info lifecycle backend@0.0.0~start: Failed to exec start script
14 verbose stack Error: backend@0.0.0 start: `node ./bin/www`
14 verbose stack Exit status 1
14 verbose stack     at EventEmitter.<anonymous> (/usr/local/lib/node_modules/npm/lib/utils/lifecycle.js:279:16)
14 verbose stack     at emitTwo (events.js:106:13)
14 verbose stack     at EventEmitter.emit (events.js:192:7)
14 verbose stack     at ChildProcess.<anonymous> (/usr/local/lib/node_modules/npm/lib/utils/spawn.js:40:14)
14 verbose stack     at emitTwo (events.js:106:13)
14 verbose stack     at ChildProcess.emit (events.js:192:7)
14 verbose stack     at maybeClose (internal/child_process.js:890:16)
14 verbose stack     at Process.ChildProcess._handle.onexit (internal/child_process.js:226:5)
15 verbose pkgid backend@0.0.0
16 verbose cwd /Users/paranoia/Documents/NJU/7 Semester/人机交互/HCI/backend
17 error Darwin 17.5.0
18 error argv "/usr/local/bin/node" "/usr/local/bin/npm" "start"
19 error node v7.6.0
20 error npm  v4.1.2
21 error code ELIFECYCLE
22 error backend@0.0.0 start: `node ./bin/www`
22 error Exit status 1
23 error Failed at the backend@0.0.0 start script 'node ./bin/www'.
23 error Make sure you have the latest version of node.js and npm installed.
23 error If you do, this is most likely a problem with the backend package,
23 error not with npm itself.
23 error Tell the author that this fails on your system:
23 error     node ./bin/www
23 error You can get information on how to open an issue for this project with:
23 error     npm bugs backend
23 error Or if that isn't available, you can get their info via:
23 error     npm owner ls backend
23 error There is likely additional logging output above.
24 verbose exit [ 1, true ]
